# JRE version: OpenJDK Runtime Environment (8.0_242-b01) (build 1.8.0_242-release-1644-b01)
# Java VM: OpenJDK 64-Bit Server VM (25.242-b01 mixed mode windows-amd64 compressed oops)
Heap:
 PSYoungGen      total 217088K, used 114458K [0x00000000d5580000, 0x00000000e6600000, 0x0000000100000000)
  eden space 198656K, 48% used [0x00000000d5580000,0x00000000db34c9e8,0x00000000e1780000)
  from space 18432K, 99% used [0x00000000e1780000,0x00000000e2979fc8,0x00000000e2980000)
  to   space 21504K, 0% used [0x00000000e5100000,0x00000000e5100000,0x00000000e6600000)
 ParOldGen       total 209408K, used 33168K [0x0000000080000000, 0x000000008cc80000, 0x00000000d5580000)
  object space 209408K, 15% used [0x0000000080000000,0x00000000820642e0,0x000000008cc80000)
 Metaspace       used 68775K, capacity 72594K, committed 72792K, reserved 1112064K
  class space    used 9363K, capacity 10050K, committed 10112K, reserved 1048576K
GC Heap History (10 events):
Event: 3.827 GC heap before
{Heap before GC invocations=10 (full 2):
 PSYoungGen      total 116224K, used 104448K [0x00000000d5580000, 0x00000000e1a00000, 0x0000000100000000)
  eden space 104448K, 100% used [0x00000000d5580000,0x00000000dbb80000,0x00000000dbb80000)
  from space 11776K, 0% used [0x00000000dbb80000,0x00000000dbb80000,0x00000000dc700000)
  to   space 11776K, 0% used [0x00000000e0e80000,0x00000000e0e80000,0x00000000e1a00000)
 ParOldGen       total 140800K, used 14735K [0x0000000080000000, 0x0000000088980000, 0x00000000d5580000)
  object space 140800K, 10% used [0x0000000080000000,0x0000000080e63fb0,0x0000000088980000)
 Metaspace       used 38869K, capacity 40784K, committed 41048K, reserved 1085440K
  class space    used 5347K, capacity 5720K, committed 5760K, reserved 1048576K
Event: 3.834 GC heap after
Heap after GC invocations=10 (full 2):
 PSYoungGen      total 165376K, used 9066K [0x00000000d5580000, 0x00000000e1780000, 0x0000000100000000)
  eden space 156160K, 0% used [0x00000000d5580000,0x00000000d5580000,0x00000000dee00000)
  from space 9216K, 98% used [0x00000000e0e80000,0x00000000e175a878,0x00000000e1780000)
  to   space 11264K, 0% used [0x00000000e0180000,0x00000000e0180000,0x00000000e0c80000)
 ParOldGen       total 140800K, used 14743K [0x0000000080000000, 0x0000000088980000, 0x00000000d5580000)
  object space 140800K, 10% used [0x0000000080000000,0x0000000080e65fb0,0x0000000088980000)
 Metaspace       used 38869K, capacity 40784K, committed 41048K, reserved 1085440K
  class space    used 5347K, capacity 5720K, committed 5760K, reserved 1048576K
}
Event: 4.944 GC heap before
{Heap before GC invocations=11 (full 2):
 PSYoungGen      total 165376K, used 165226K [0x00000000d5580000, 0x00000000e1780000, 0x0000000100000000)
  eden space 156160K, 100% used [0x00000000d5580000,0x00000000dee00000,0x00000000dee00000)
  from space 9216K, 98% used [0x00000000e0e80000,0x00000000e175a878,0x00000000e1780000)
  to   space 11264K, 0% used [0x00000000e0180000,0x00000000e0180000,0x00000000e0c80000)
 ParOldGen       total 140800K, used 14743K [0x0000000080000000, 0x0000000088980000, 0x00000000d5580000)
  object space 140800K, 10% used [0x0000000080000000,0x0000000080e65fb0,0x0000000088980000)
 Metaspace       used 53147K, capacity 55492K, committed 55768K, reserved 1097728K
  class space    used 7133K, capacity 7616K, committed 7680K, reserved 1048576K
Event: 4.956 GC heap after
Heap after GC invocations=11 (full 2):
 PSYoungGen      total 187392K, used 11261K [0x00000000d5580000, 0x00000000e3a80000, 0x0000000100000000)
  eden space 176128K, 0% used [0x00000000d5580000,0x00000000d5580000,0x00000000e0180000)
  from space 11264K, 99% used [0x00000000e0180000,0x00000000e0c7f620,0x00000000e0c80000)
  to   space 17408K, 0% used [0x00000000e2980000,0x00000000e2980000,0x00000000e3a80000)
 ParOldGen       total 140800K, used 27329K [0x0000000080000000, 0x0000000088980000, 0x00000000d5580000)
  object space 140800K, 19% used [0x0000000080000000,0x0000000081ab0528,0x0000000088980000)
 Metaspace       used 53147K, capacity 55492K, committed 55768K, reserved 1097728K
  class space    used 7133K, capacity 7616K, committed 7680K, reserved 1048576K
}
Event: 5.260 GC heap before
{Heap before GC invocations=12 (full 2):
 PSYoungGen      total 187392K, used 46254K [0x00000000d5580000, 0x00000000e3a80000, 0x0000000100000000)
  eden space 176128K, 19% used [0x00000000d5580000,0x00000000d77ac588,0x00000000e0180000)
  from space 11264K, 99% used [0x00000000e0180000,0x00000000e0c7f620,0x00000000e0c80000)
  to   space 17408K, 0% used [0x00000000e2980000,0x00000000e2980000,0x00000000e3a80000)
 ParOldGen       total 140800K, used 27329K [0x0000000080000000, 0x0000000088980000, 0x00000000d5580000)
  object space 140800K, 19% used [0x0000000080000000,0x0000000081ab0528,0x0000000088980000)
 Metaspace       used 56309K, capacity 58872K, committed 59028K, reserved 1099776K
  class space    used 7677K, capacity 8173K, committed 8192K, reserved 1048576K
Event: 5.268 GC heap after
Heap after GC invocations=12 (full 2):
 PSYoungGen      total 216064K, used 15300K [0x00000000d5580000, 0x00000000e5880000, 0x0000000100000000)
  eden space 198656K, 0% used [0x00000000d5580000,0x00000000d5580000,0x00000000e1780000)
  from space 17408K, 87% used [0x00000000e2980000,0x00000000e38711b0,0x00000000e3a80000)
  to   space 18432K, 0% used [0x00000000e1780000,0x00000000e1780000,0x00000000e2980000)
 ParOldGen       total 140800K, used 27337K [0x0000000080000000, 0x0000000088980000, 0x00000000d5580000)
  object space 140800K, 19% used [0x0000000080000000,0x0000000081ab2528,0x0000000088980000)
 Metaspace       used 56309K, capacity 58872K, committed 59028K, reserved 1099776K
  class space    used 7677K, capacity 8173K, committed 8192K, reserved 1048576K
}
Event: 5.268 GC heap before
{Heap before GC invocations=13 (full 3):
 PSYoungGen      total 216064K, used 15300K [0x00000000d5580000, 0x00000000e5880000, 0x0000000100000000)
  eden space 198656K, 0% used [0x00000000d5580000,0x00000000d5580000,0x00000000e1780000)
  from space 17408K, 87% used [0x00000000e2980000,0x00000000e38711b0,0x00000000e3a80000)
  to   space 18432K, 0% used [0x00000000e1780000,0x00000000e1780000,0x00000000e2980000)
 ParOldGen       total 140800K, used 27337K [0x0000000080000000, 0x0000000088980000, 0x00000000d5580000)
  object space 140800K, 19% used [0x0000000080000000,0x0000000081ab2528,0x0000000088980000)
 Metaspace       used 56309K, capacity 58872K, committed 59028K, reserved 1099776K
  class space    used 7677K, capacity 8173K, committed 8192K, reserved 1048576K
Event: 5.414 GC heap after
Heap after GC invocations=13 (full 3):
 PSYoungGen      total 216064K, used 0K [0x00000000d5580000, 0x00000000e5880000, 0x0000000100000000)
  eden space 198656K, 0% used [0x00000000d5580000,0x00000000d5580000,0x00000000e1780000)
  from space 17408K, 0% used [0x00000000e2980000,0x00000000e2980000,0x00000000e3a80000)
  to   space 18432K, 0% used [0x00000000e1780000,0x00000000e1780000,0x00000000e2980000)
 ParOldGen       total 209408K, used 30740K [0x0000000080000000, 0x000000008cc80000, 0x00000000d5580000)
  object space 209408K, 14% used [0x0000000080000000,0x0000000081e05078,0x000000008cc80000)
 Metaspace       used 56220K, capacity 58572K, committed 59028K, reserved 1099776K
  class space    used 7650K, capacity 8123K, committed 8192K, reserved 1048576K
}
Event: 7.044 GC heap before
{Heap before GC invocations=14 (full 3):
 PSYoungGen      total 216064K, used 198656K [0x00000000d5580000, 0x00000000e5880000, 0x0000000100000000)
  eden space 198656K, 100% used [0x00000000d5580000,0x00000000e1780000,0x00000000e1780000)
  from space 17408K, 0% used [0x00000000e2980000,0x00000000e2980000,0x00000000e3a80000)
  to   space 18432K, 0% used [0x00000000e1780000,0x00000000e1780000,0x00000000e2980000)
 ParOldGen       total 209408K, used 30740K [0x0000000080000000, 0x000000008cc80000, 0x00000000d5580000)
  object space 209408K, 14% used [0x0000000080000000,0x0000000081e05078,0x000000008cc80000)
 Metaspace       used 65082K, capacity 68872K, committed 69080K, reserved 1107968K
  class space    used 9002K, capacity 9673K, committed 9728K, reserved 1048576K
Event: 7.054 GC heap after
Heap after GC invocations=14 (full 3):
 PSYoungGen      total 217088K, used 18407K [0x00000000d5580000, 0x00000000e6600000, 0x0000000100000000)
  eden space 198656K, 0% used [0x00000000d5580000,0x00000000d5580000,0x00000000e1780000)
  from space 18432K, 99% used [0x00000000e1780000,0x00000000e2979fc8,0x00000000e2980000)
  to   space 21504K, 0% used [0x00000000e5100000,0x00000000e5100000,0x00000000e6600000)
 ParOldGen       total 209408K, used 33168K [0x0000000080000000, 0x000000008cc80000, 0x00000000d5580000)
  object space 209408K, 15% used [0x0000000080000000,0x00000000820642e0,0x000000008cc80000)
 Metaspace       used 65082K, capacity 68872K, committed 69080K, reserved 1107968K
  class space    used 9002K, capacity 9673K, committed 9728K, reserved 1048576K
}

