# JRE version: OpenJDK Runtime Environment (8.0_242-b01) (build 1.8.0_242-release-1644-b01)
# Java VM: OpenJDK 64-Bit Server VM (25.242-b01 mixed mode windows-amd64 compressed oops)
Heap:
 PSYoungGen      total 227328K, used 87639K [0x00000000d5580000, 0x00000000e4700000, 0x0000000100000000)
  eden space 212480K, 34% used [0x00000000d5580000,0x00000000d9c99b30,0x00000000e2500000)
  from space 14848K, 99% used [0x00000000e2500000,0x00000000e337c328,0x00000000e3380000)
  to   space 15360K, 0% used [0x00000000e3380000,0x00000000e3380000,0x00000000e4280000)
 ParOldGen       total 138752K, used 46281K [0x0000000080000000, 0x0000000088780000, 0x00000000d5580000)
  object space 138752K, 33% used [0x0000000080000000,0x0000000082d327c0,0x0000000088780000)
 Metaspace       used 68708K, capacity 72596K, committed 72832K, reserved 1112064K
  class space    used 9369K, capacity 10063K, committed 10112K, reserved 1048576K
GC Heap History (10 events):
Event: 3.390 GC heap before
{Heap before GC invocations=8 (full 2):
 PSYoungGen      total 227840K, used 8275K [0x00000000d5580000, 0x00000000e4700000, 0x0000000100000000)
  eden space 212480K, 0% used [0x00000000d5580000,0x00000000d5580000,0x00000000e2500000)
  from space 15360K, 53% used [0x00000000e3380000,0x00000000e3b94e08,0x00000000e4280000)
  to   space 14848K, 0% used [0x00000000e2500000,0x00000000e2500000,0x00000000e3380000)
 ParOldGen       total 92672K, used 11371K [0x0000000080000000, 0x0000000085a80000, 0x00000000d5580000)
  object space 92672K, 12% used [0x0000000080000000,0x0000000080b1ace0,0x0000000085a80000)
 Metaspace       used 34239K, capacity 35392K, committed 35416K, reserved 1079296K
  class space    used 4697K, capacity 4973K, committed 4992K, reserved 1048576K
Event: 3.424 GC heap after
Heap after GC invocations=8 (full 2):
 PSYoungGen      total 227840K, used 0K [0x00000000d5580000, 0x00000000e4700000, 0x0000000100000000)
  eden space 212480K, 0% used [0x00000000d5580000,0x00000000d5580000,0x00000000e2500000)
  from space 15360K, 0% used [0x00000000e3380000,0x00000000e3380000,0x00000000e4280000)
  to   space 14848K, 0% used [0x00000000e2500000,0x00000000e2500000,0x00000000e3380000)
 ParOldGen       total 138752K, used 14749K [0x0000000080000000, 0x0000000088780000, 0x00000000d5580000)
  object space 138752K, 10% used [0x0000000080000000,0x0000000080e67718,0x0000000088780000)
 Metaspace       used 34239K, capacity 35392K, committed 35416K, reserved 1079296K
  class space    used 4697K, capacity 4973K, committed 4992K, reserved 1048576K
}
Event: 4.697 GC heap before
{Heap before GC invocations=9 (full 2):
 PSYoungGen      total 227840K, used 212480K [0x00000000d5580000, 0x00000000e4700000, 0x0000000100000000)
  eden space 212480K, 100% used [0x00000000d5580000,0x00000000e2500000,0x00000000e2500000)
  from space 15360K, 0% used [0x00000000e3380000,0x00000000e3380000,0x00000000e4280000)
  to   space 14848K, 0% used [0x00000000e2500000,0x00000000e2500000,0x00000000e3380000)
 ParOldGen       total 138752K, used 14749K [0x0000000080000000, 0x0000000088780000, 0x00000000d5580000)
  object space 138752K, 10% used [0x0000000080000000,0x0000000080e67718,0x0000000088780000)
 Metaspace       used 46641K, capacity 48680K, committed 49024K, reserved 1091584K
  class space    used 6298K, capacity 6670K, committed 6784K, reserved 1048576K
Event: 4.709 GC heap after
Heap after GC invocations=9 (full 2):
 PSYoungGen      total 227328K, used 14829K [0x00000000d5580000, 0x00000000e4700000, 0x0000000100000000)
  eden space 212480K, 0% used [0x00000000d5580000,0x00000000d5580000,0x00000000e2500000)
  from space 14848K, 99% used [0x00000000e2500000,0x00000000e337b758,0x00000000e3380000)
  to   space 15360K, 0% used [0x00000000e3380000,0x00000000e3380000,0x00000000e4280000)
 ParOldGen       total 138752K, used 18261K [0x0000000080000000, 0x0000000088780000, 0x00000000d5580000)
  object space 138752K, 13% used [0x0000000080000000,0x00000000811d5738,0x0000000088780000)
 Metaspace       used 46641K, capacity 48680K, committed 49024K, reserved 1091584K
  class space    used 6298K, capacity 6670K, committed 6784K, reserved 1048576K
}
Event: 5.641 GC heap before
{Heap before GC invocations=10 (full 2):
 PSYoungGen      total 227328K, used 133083K [0x00000000d5580000, 0x00000000e4700000, 0x0000000100000000)
  eden space 212480K, 55% used [0x00000000d5580000,0x00000000dc8fb608,0x00000000e2500000)
  from space 14848K, 99% used [0x00000000e2500000,0x00000000e337b758,0x00000000e3380000)
  to   space 15360K, 0% used [0x00000000e3380000,0x00000000e3380000,0x00000000e4280000)
 ParOldGen       total 138752K, used 18261K [0x0000000080000000, 0x0000000088780000, 0x00000000d5580000)
  object space 138752K, 13% used [0x0000000080000000,0x00000000811d5738,0x0000000088780000)
 Metaspace       used 56323K, capacity 58908K, committed 59028K, reserved 1099776K
  class space    used 7680K, capacity 8179K, committed 8192K, reserved 1048576K
Event: 5.654 GC heap after
Heap after GC invocations=10 (full 2):
 PSYoungGen      total 227840K, used 15332K [0x00000000d5580000, 0x00000000e4700000, 0x0000000100000000)
  eden space 212480K, 0% used [0x00000000d5580000,0x00000000d5580000,0x00000000e2500000)
  from space 15360K, 99% used [0x00000000e3380000,0x00000000e4279310,0x00000000e4280000)
  to   space 14848K, 0% used [0x00000000e2500000,0x00000000e2500000,0x00000000e3380000)
 ParOldGen       total 138752K, used 26077K [0x0000000080000000, 0x0000000088780000, 0x00000000d5580000)
  object space 138752K, 18% used [0x0000000080000000,0x0000000081977640,0x0000000088780000)
 Metaspace       used 56323K, capacity 58908K, committed 59028K, reserved 1099776K
  class space    used 7680K, capacity 8179K, committed 8192K, reserved 1048576K
}
Event: 5.654 GC heap before
{Heap before GC invocations=11 (full 3):
 PSYoungGen      total 227840K, used 15332K [0x00000000d5580000, 0x00000000e4700000, 0x0000000100000000)
  eden space 212480K, 0% used [0x00000000d5580000,0x00000000d5580000,0x00000000e2500000)
  from space 15360K, 99% used [0x00000000e3380000,0x00000000e4279310,0x00000000e4280000)
  to   space 14848K, 0% used [0x00000000e2500000,0x00000000e2500000,0x00000000e3380000)
 ParOldGen       total 138752K, used 26077K [0x0000000080000000, 0x0000000088780000, 0x00000000d5580000)
  object space 138752K, 18% used [0x0000000080000000,0x0000000081977640,0x0000000088780000)
 Metaspace       used 56323K, capacity 58908K, committed 59028K, reserved 1099776K
  class space    used 7680K, capacity 8179K, committed 8192K, reserved 1048576K
Event: 5.800 GC heap after
Heap after GC invocations=11 (full 3):
 PSYoungGen      total 227840K, used 0K [0x00000000d5580000, 0x00000000e4700000, 0x0000000100000000)
  eden space 212480K, 0% used [0x00000000d5580000,0x00000000d5580000,0x00000000e2500000)
  from space 15360K, 0% used [0x00000000e3380000,0x00000000e3380000,0x00000000e4280000)
  to   space 14848K, 0% used [0x00000000e2500000,0x00000000e2500000,0x00000000e3380000)
 ParOldGen       total 138752K, used 35213K [0x0000000080000000, 0x0000000088780000, 0x00000000d5580000)
  object space 138752K, 25% used [0x0000000080000000,0x00000000822634f8,0x0000000088780000)
 Metaspace       used 56224K, capacity 58572K, committed 59028K, reserved 1099776K
  class space    used 7650K, capacity 8123K, committed 8192K, reserved 1048576K
}
Event: 7.669 GC heap before
{Heap before GC invocations=12 (full 3):
 PSYoungGen      total 227840K, used 212480K [0x00000000d5580000, 0x00000000e4700000, 0x0000000100000000)
  eden space 212480K, 100% used [0x00000000d5580000,0x00000000e2500000,0x00000000e2500000)
  from space 15360K, 0% used [0x00000000e3380000,0x00000000e3380000,0x00000000e4280000)
  to   space 14848K, 0% used [0x00000000e2500000,0x00000000e2500000,0x00000000e3380000)
 ParOldGen       total 138752K, used 35213K [0x0000000080000000, 0x0000000088780000, 0x00000000d5580000)
  object space 138752K, 25% used [0x0000000080000000,0x00000000822634f8,0x0000000088780000)
 Metaspace       used 65413K, capacity 69150K, committed 69376K, reserved 1110016K
  class space    used 9040K, capacity 9690K, committed 9728K, reserved 1048576K
Event: 7.684 GC heap after
Heap after GC invocations=12 (full 3):
 PSYoungGen      total 227328K, used 14832K [0x00000000d5580000, 0x00000000e4700000, 0x0000000100000000)
  eden space 212480K, 0% used [0x00000000d5580000,0x00000000d5580000,0x00000000e2500000)
  from space 14848K, 99% used [0x00000000e2500000,0x00000000e337c328,0x00000000e3380000)
  to   space 15360K, 0% used [0x00000000e3380000,0x00000000e3380000,0x00000000e4280000)
 ParOldGen       total 138752K, used 46281K [0x0000000080000000, 0x0000000088780000, 0x00000000d5580000)
  object space 138752K, 33% used [0x0000000080000000,0x0000000082d327c0,0x0000000088780000)
 Metaspace       used 65413K, capacity 69150K, committed 69376K, reserved 1110016K
  class space    used 9040K, capacity 9690K, committed 9728K, reserved 1048576K
}

