# JRE version: OpenJDK Runtime Environment (8.0_242-b01) (build 1.8.0_242-release-1644-b01)
# Java VM: OpenJDK 64-Bit Server VM (25.242-b01 mixed mode windows-amd64 compressed oops)
Heap:
 PSYoungGen      total 242176K, used 67144K [0x00000000d5580000, 0x00000000e5900000, 0x0000000100000000)
  eden space 218624K, 20% used [0x00000000d5580000,0x00000000d8042560,0x00000000e2b00000)
  from space 23552K, 99% used [0x00000000e2b00000,0x00000000e41f8ff8,0x00000000e4200000)
  to   space 20992K, 0% used [0x00000000e4200000,0x00000000e4200000,0x00000000e5680000)
 ParOldGen       total 220160K, used 57624K [0x0000000080000000, 0x000000008d700000, 0x00000000d5580000)
  object space 220160K, 26% used [0x0000000080000000,0x0000000083846390,0x000000008d700000)
 Metaspace       used 76944K, capacity 81974K, committed 82048K, reserved 1120256K
  class space    used 10506K, capacity 11370K, committed 11392K, reserved 1048576K
GC Heap History (10 events):
Event: 5.284 GC heap before
{Heap before GC invocations=12 (full 2):
 PSYoungGen      total 180224K, used 52234K [0x00000000d5580000, 0x00000000e2f80000, 0x0000000100000000)
  eden space 168960K, 24% used [0x00000000d5580000,0x00000000d7d857a0,0x00000000dfa80000)
  from space 11264K, 99% used [0x00000000dfa80000,0x00000000e057d320,0x00000000e0580000)
  to   space 16896K, 0% used [0x00000000e1f00000,0x00000000e1f00000,0x00000000e2f80000)
 ParOldGen       total 146944K, used 26639K [0x0000000080000000, 0x0000000088f80000, 0x00000000d5580000)
  object space 146944K, 18% used [0x0000000080000000,0x0000000081a03ef8,0x0000000088f80000)
 Metaspace       used 56300K, capacity 58866K, committed 59028K, reserved 1099776K
  class space    used 7673K, capacity 8172K, committed 8192K, reserved 1048576K
Event: 5.291 GC heap after
Heap after GC invocations=12 (full 2):
 PSYoungGen      total 204800K, used 16206K [0x00000000d5580000, 0x00000000e4c00000, 0x0000000100000000)
  eden space 187904K, 0% used [0x00000000d5580000,0x00000000d5580000,0x00000000e0d00000)
  from space 16896K, 95% used [0x00000000e1f00000,0x00000000e2ed3998,0x00000000e2f80000)
  to   space 18432K, 0% used [0x00000000e0d00000,0x00000000e0d00000,0x00000000e1f00000)
 ParOldGen       total 146944K, used 26647K [0x0000000080000000, 0x0000000088f80000, 0x00000000d5580000)
  object space 146944K, 18% used [0x0000000080000000,0x0000000081a05ef8,0x0000000088f80000)
 Metaspace       used 56300K, capacity 58866K, committed 59028K, reserved 1099776K
  class space    used 7673K, capacity 8172K, committed 8192K, reserved 1048576K
}
Event: 5.291 GC heap before
{Heap before GC invocations=13 (full 3):
 PSYoungGen      total 204800K, used 16206K [0x00000000d5580000, 0x00000000e4c00000, 0x0000000100000000)
  eden space 187904K, 0% used [0x00000000d5580000,0x00000000d5580000,0x00000000e0d00000)
  from space 16896K, 95% used [0x00000000e1f00000,0x00000000e2ed3998,0x00000000e2f80000)
  to   space 18432K, 0% used [0x00000000e0d00000,0x00000000e0d00000,0x00000000e1f00000)
 ParOldGen       total 146944K, used 26647K [0x0000000080000000, 0x0000000088f80000, 0x00000000d5580000)
  object space 146944K, 18% used [0x0000000080000000,0x0000000081a05ef8,0x0000000088f80000)
 Metaspace       used 56300K, capacity 58866K, committed 59028K, reserved 1099776K
  class space    used 7673K, capacity 8172K, committed 8192K, reserved 1048576K
Event: 5.433 GC heap after
Heap after GC invocations=13 (full 3):
 PSYoungGen      total 204800K, used 0K [0x00000000d5580000, 0x00000000e4c00000, 0x0000000100000000)
  eden space 187904K, 0% used [0x00000000d5580000,0x00000000d5580000,0x00000000e0d00000)
  from space 16896K, 0% used [0x00000000e1f00000,0x00000000e1f00000,0x00000000e2f80000)
  to   space 18432K, 0% used [0x00000000e0d00000,0x00000000e0d00000,0x00000000e1f00000)
 ParOldGen       total 220160K, used 31298K [0x0000000080000000, 0x000000008d700000, 0x00000000d5580000)
  object space 220160K, 14% used [0x0000000080000000,0x0000000081e90b38,0x000000008d700000)
 Metaspace       used 56213K, capacity 58572K, committed 59028K, reserved 1099776K
  class space    used 7646K, capacity 8123K, committed 8192K, reserved 1048576K
}
Event: 6.981 GC heap before
{Heap before GC invocations=14 (full 3):
 PSYoungGen      total 204800K, used 187904K [0x00000000d5580000, 0x00000000e4c00000, 0x0000000100000000)
  eden space 187904K, 100% used [0x00000000d5580000,0x00000000e0d00000,0x00000000e0d00000)
  from space 16896K, 0% used [0x00000000e1f00000,0x00000000e1f00000,0x00000000e2f80000)
  to   space 18432K, 0% used [0x00000000e0d00000,0x00000000e0d00000,0x00000000e1f00000)
 ParOldGen       total 220160K, used 31298K [0x0000000080000000, 0x000000008d700000, 0x00000000d5580000)
  object space 220160K, 14% used [0x0000000080000000,0x0000000081e90b38,0x000000008d700000)
 Metaspace       used 65135K, capacity 69014K, committed 69120K, reserved 1107968K
  class space    used 9018K, capacity 9676K, committed 9728K, reserved 1048576K
Event: 6.992 GC heap after
Heap after GC invocations=14 (full 3):
 PSYoungGen      total 206336K, used 18419K [0x00000000d5580000, 0x00000000e5680000, 0x0000000100000000)
  eden space 187904K, 0% used [0x00000000d5580000,0x00000000d5580000,0x00000000e0d00000)
  from space 18432K, 99% used [0x00000000e0d00000,0x00000000e1efcfb8,0x00000000e1f00000)
  to   space 20992K, 0% used [0x00000000e4200000,0x00000000e4200000,0x00000000e5680000)
 ParOldGen       total 220160K, used 32142K [0x0000000080000000, 0x000000008d700000, 0x00000000d5580000)
  object space 220160K, 14% used [0x0000000080000000,0x0000000081f63ae8,0x000000008d700000)
 Metaspace       used 65135K, capacity 69014K, committed 69120K, reserved 1107968K
  class space    used 9018K, capacity 9676K, committed 9728K, reserved 1048576K
}
Event: 8.272 GC heap before
{Heap before GC invocations=15 (full 3):
 PSYoungGen      total 206336K, used 206323K [0x00000000d5580000, 0x00000000e5680000, 0x0000000100000000)
  eden space 187904K, 100% used [0x00000000d5580000,0x00000000e0d00000,0x00000000e0d00000)
  from space 18432K, 99% used [0x00000000e0d00000,0x00000000e1efcfb8,0x00000000e1f00000)
  to   space 20992K, 0% used [0x00000000e4200000,0x00000000e4200000,0x00000000e5680000)
 ParOldGen       total 220160K, used 32142K [0x0000000080000000, 0x000000008d700000, 0x00000000d5580000)
  object space 220160K, 14% used [0x0000000080000000,0x0000000081f63ae8,0x000000008d700000)
 Metaspace       used 72500K, capacity 76622K, committed 76928K, reserved 1116160K
  class space    used 9829K, capacity 10550K, committed 10624K, reserved 1048576K
Event: 8.283 GC heap after
Heap after GC invocations=15 (full 3):
 PSYoungGen      total 239616K, used 20982K [0x00000000d5580000, 0x00000000e5900000, 0x0000000100000000)
  eden space 218624K, 0% used [0x00000000d5580000,0x00000000d5580000,0x00000000e2b00000)
  from space 20992K, 99% used [0x00000000e4200000,0x00000000e567d8a0,0x00000000e5680000)
  to   space 23552K, 0% used [0x00000000e2b00000,0x00000000e2b00000,0x00000000e4200000)
 ParOldGen       total 220160K, used 32150K [0x0000000080000000, 0x000000008d700000, 0x00000000d5580000)
  object space 220160K, 14% used [0x0000000080000000,0x0000000081f65ae8,0x000000008d700000)
 Metaspace       used 72500K, capacity 76622K, committed 76928K, reserved 1116160K
  class space    used 9829K, capacity 10550K, committed 10624K, reserved 1048576K
}
Event: 8.695 GC heap before
{Heap before GC invocations=16 (full 3):
 PSYoungGen      total 239616K, used 239606K [0x00000000d5580000, 0x00000000e5900000, 0x0000000100000000)
  eden space 218624K, 100% used [0x00000000d5580000,0x00000000e2b00000,0x00000000e2b00000)
  from space 20992K, 99% used [0x00000000e4200000,0x00000000e567d8a0,0x00000000e5680000)
  to   space 23552K, 0% used [0x00000000e2b00000,0x00000000e2b00000,0x00000000e4200000)
 ParOldGen       total 220160K, used 32150K [0x0000000080000000, 0x000000008d700000, 0x00000000d5580000)
  object space 220160K, 14% used [0x0000000080000000,0x0000000081f65ae8,0x000000008d700000)
 Metaspace       used 76423K, capacity 81310K, committed 81536K, reserved 1120256K
  class space    used 10436K, capacity 11292K, committed 11392K, reserved 1048576K
Event: 8.716 GC heap after
Heap after GC invocations=16 (full 3):
 PSYoungGen      total 242176K, used 23523K [0x00000000d5580000, 0x00000000e5900000, 0x0000000100000000)
  eden space 218624K, 0% used [0x00000000d5580000,0x00000000d5580000,0x00000000e2b00000)
  from space 23552K, 99% used [0x00000000e2b00000,0x00000000e41f8ff8,0x00000000e4200000)
  to   space 20992K, 0% used [0x00000000e4200000,0x00000000e4200000,0x00000000e5680000)
 ParOldGen       total 220160K, used 57624K [0x0000000080000000, 0x000000008d700000, 0x00000000d5580000)
  object space 220160K, 26% used [0x0000000080000000,0x0000000083846390,0x000000008d700000)
 Metaspace       used 76423K, capacity 81310K, committed 81536K, reserved 1120256K
  class space    used 10436K, capacity 11292K, committed 11392K, reserved 1048576K
}

