# JRE version: OpenJDK Runtime Environment (8.0_242-b01) (build 1.8.0_242-release-1644-b01)
# Java VM: OpenJDK 64-Bit Server VM (25.242-b01 mixed mode windows-amd64 compressed oops)
Heap:
 PSYoungGen      total 243200K, used 162580K [0x00000000d5580000, 0x00000000e8180000, 0x0000000100000000)
  eden space 217600K, 62% used [0x00000000d5580000,0x00000000ddb48830,0x00000000e2a00000)
  from space 25600K, 99% used [0x00000000e6880000,0x00000000e817c870,0x00000000e8180000)
  to   space 23552K, 0% used [0x00000000e2a00000,0x00000000e2a00000,0x00000000e4100000)
 ParOldGen       total 221696K, used 56818K [0x0000000080000000, 0x000000008d880000, 0x00000000d5580000)
  object space 221696K, 25% used [0x0000000080000000,0x000000008377c8b8,0x000000008d880000)
 Metaspace       used 79421K, capacity 84626K, committed 84736K, reserved 1122304K
  class space    used 10818K, capacity 11726K, committed 11776K, reserved 1048576K
GC Heap History (10 events):
Event: 5.564 GC heap before
{Heap before GC invocations=13 (full 3):
 PSYoungGen      total 204800K, used 16701K [0x00000000d5580000, 0x00000000e4900000, 0x0000000100000000)
  eden space 187904K, 0% used [0x00000000d5580000,0x00000000d5580000,0x00000000e0d00000)
  from space 16896K, 98% used [0x00000000e1f00000,0x00000000e2f4f648,0x00000000e2f80000)
  to   space 18432K, 0% used [0x00000000e0d00000,0x00000000e0d00000,0x00000000e1f00000)
 ParOldGen       total 146432K, used 26723K [0x0000000080000000, 0x0000000088f00000, 0x00000000d5580000)
  object space 146432K, 18% used [0x0000000080000000,0x0000000081a18f78,0x0000000088f00000)
 Metaspace       used 56323K, capacity 58914K, committed 59028K, reserved 1099776K
  class space    used 7681K, capacity 8180K, committed 8192K, reserved 1048576K
Event: 5.707 GC heap after
Heap after GC invocations=13 (full 3):
 PSYoungGen      total 204800K, used 0K [0x00000000d5580000, 0x00000000e4900000, 0x0000000100000000)
  eden space 187904K, 0% used [0x00000000d5580000,0x00000000d5580000,0x00000000e0d00000)
  from space 16896K, 0% used [0x00000000e1f00000,0x00000000e1f00000,0x00000000e2f80000)
  to   space 18432K, 0% used [0x00000000e0d00000,0x00000000e0d00000,0x00000000e1f00000)
 ParOldGen       total 221696K, used 31566K [0x0000000080000000, 0x000000008d880000, 0x00000000d5580000)
  object space 221696K, 14% used [0x0000000080000000,0x0000000081ed3818,0x000000008d880000)
 Metaspace       used 56222K, capacity 58572K, committed 59028K, reserved 1099776K
  class space    used 7650K, capacity 8123K, committed 8192K, reserved 1048576K
}
Event: 7.203 GC heap before
{Heap before GC invocations=14 (full 3):
 PSYoungGen      total 204800K, used 187904K [0x00000000d5580000, 0x00000000e4900000, 0x0000000100000000)
  eden space 187904K, 100% used [0x00000000d5580000,0x00000000e0d00000,0x00000000e0d00000)
  from space 16896K, 0% used [0x00000000e1f00000,0x00000000e1f00000,0x00000000e2f80000)
  to   space 18432K, 0% used [0x00000000e0d00000,0x00000000e0d00000,0x00000000e1f00000)
 ParOldGen       total 221696K, used 31566K [0x0000000080000000, 0x000000008d880000, 0x00000000d5580000)
  object space 221696K, 14% used [0x0000000080000000,0x0000000081ed3818,0x000000008d880000)
 Metaspace       used 65109K, capacity 68910K, committed 69120K, reserved 1107968K
  class space    used 9008K, capacity 9684K, committed 9728K, reserved 1048576K
Event: 7.214 GC heap after
Heap after GC invocations=14 (full 3):
 PSYoungGen      total 206336K, used 18412K [0x00000000d5580000, 0x00000000e5580000, 0x0000000100000000)
  eden space 187904K, 0% used [0x00000000d5580000,0x00000000d5580000,0x00000000e0d00000)
  from space 18432K, 99% used [0x00000000e0d00000,0x00000000e1efb260,0x00000000e1f00000)
  to   space 20992K, 0% used [0x00000000e4100000,0x00000000e4100000,0x00000000e5580000)
 ParOldGen       total 221696K, used 32537K [0x0000000080000000, 0x000000008d880000, 0x00000000d5580000)
  object space 221696K, 14% used [0x0000000080000000,0x0000000081fc6798,0x000000008d880000)
 Metaspace       used 65109K, capacity 68910K, committed 69120K, reserved 1107968K
  class space    used 9008K, capacity 9684K, committed 9728K, reserved 1048576K
}
Event: 8.691 GC heap before
{Heap before GC invocations=15 (full 3):
 PSYoungGen      total 206336K, used 206316K [0x00000000d5580000, 0x00000000e5580000, 0x0000000100000000)
  eden space 187904K, 100% used [0x00000000d5580000,0x00000000e0d00000,0x00000000e0d00000)
  from space 18432K, 99% used [0x00000000e0d00000,0x00000000e1efb260,0x00000000e1f00000)
  to   space 20992K, 0% used [0x00000000e4100000,0x00000000e4100000,0x00000000e5580000)
 ParOldGen       total 221696K, used 32537K [0x0000000080000000, 0x000000008d880000, 0x00000000d5580000)
  object space 221696K, 14% used [0x0000000080000000,0x0000000081fc6798,0x000000008d880000)
 Metaspace       used 73007K, capacity 77334K, committed 77568K, reserved 1116160K
  class space    used 9919K, capacity 10652K, committed 10752K, reserved 1048576K
Event: 8.701 GC heap after
Heap after GC invocations=15 (full 3):
 PSYoungGen      total 238592K, used 20612K [0x00000000d5580000, 0x00000000e5800000, 0x0000000100000000)
  eden space 217600K, 0% used [0x00000000d5580000,0x00000000d5580000,0x00000000e2a00000)
  from space 20992K, 98% used [0x00000000e4100000,0x00000000e5521180,0x00000000e5580000)
  to   space 23552K, 0% used [0x00000000e2a00000,0x00000000e2a00000,0x00000000e4100000)
 ParOldGen       total 221696K, used 32545K [0x0000000080000000, 0x000000008d880000, 0x00000000d5580000)
  object space 221696K, 14% used [0x0000000080000000,0x0000000081fc8798,0x000000008d880000)
 Metaspace       used 73007K, capacity 77334K, committed 77568K, reserved 1116160K
  class space    used 9919K, capacity 10652K, committed 10752K, reserved 1048576K
}
Event: 9.463 GC heap before
{Heap before GC invocations=16 (full 3):
 PSYoungGen      total 238592K, used 238212K [0x00000000d5580000, 0x00000000e5800000, 0x0000000100000000)
  eden space 217600K, 100% used [0x00000000d5580000,0x00000000e2a00000,0x00000000e2a00000)
  from space 20992K, 98% used [0x00000000e4100000,0x00000000e5521180,0x00000000e5580000)
  to   space 23552K, 0% used [0x00000000e2a00000,0x00000000e2a00000,0x00000000e4100000)
 ParOldGen       total 221696K, used 32545K [0x0000000080000000, 0x000000008d880000, 0x00000000d5580000)
  object space 221696K, 14% used [0x0000000080000000,0x0000000081fc8798,0x000000008d880000)
 Metaspace       used 74955K, capacity 79466K, committed 79616K, reserved 1118208K
  class space    used 10148K, capacity 10936K, committed 11008K, reserved 1048576K
Event: 9.478 GC heap after
Heap after GC invocations=16 (full 3):
 PSYoungGen      total 241152K, used 21528K [0x00000000d5580000, 0x00000000e8180000, 0x0000000100000000)
  eden space 217600K, 0% used [0x00000000d5580000,0x00000000d5580000,0x00000000e2a00000)
  from space 23552K, 91% used [0x00000000e2a00000,0x00000000e3f060a0,0x00000000e4100000)
  to   space 25600K, 0% used [0x00000000e6880000,0x00000000e6880000,0x00000000e8180000)
 ParOldGen       total 221696K, used 32553K [0x0000000080000000, 0x000000008d880000, 0x00000000d5580000)
  object space 221696K, 14% used [0x0000000080000000,0x0000000081fca798,0x000000008d880000)
 Metaspace       used 74955K, capacity 79466K, committed 79616K, reserved 1118208K
  class space    used 10148K, capacity 10936K, committed 11008K, reserved 1048576K
}
Event: 9.940 GC heap before
{Heap before GC invocations=17 (full 3):
 PSYoungGen      total 241152K, used 239128K [0x00000000d5580000, 0x00000000e8180000, 0x0000000100000000)
  eden space 217600K, 100% used [0x00000000d5580000,0x00000000e2a00000,0x00000000e2a00000)
  from space 23552K, 91% used [0x00000000e2a00000,0x00000000e3f060a0,0x00000000e4100000)
  to   space 25600K, 0% used [0x00000000e6880000,0x00000000e6880000,0x00000000e8180000)
 ParOldGen       total 221696K, used 32553K [0x0000000080000000, 0x000000008d880000, 0x00000000d5580000)
  object space 221696K, 14% used [0x0000000080000000,0x0000000081fca798,0x000000008d880000)
 Metaspace       used 78709K, capacity 83904K, committed 84096K, reserved 1122304K
  class space    used 10721K, capacity 11597K, committed 11648K, reserved 1048576K
Event: 9.962 GC heap after
Heap after GC invocations=17 (full 3):
 PSYoungGen      total 243200K, used 25586K [0x00000000d5580000, 0x00000000e8180000, 0x0000000100000000)
  eden space 217600K, 0% used [0x00000000d5580000,0x00000000d5580000,0x00000000e2a00000)
  from space 25600K, 99% used [0x00000000e6880000,0x00000000e817c870,0x00000000e8180000)
  to   space 23552K, 0% used [0x00000000e2a00000,0x00000000e2a00000,0x00000000e4100000)
 ParOldGen       total 221696K, used 56818K [0x0000000080000000, 0x000000008d880000, 0x00000000d5580000)
  object space 221696K, 25% used [0x0000000080000000,0x000000008377c8b8,0x000000008d880000)
 Metaspace       used 78709K, capacity 83904K, committed 84096K, reserved 1122304K
  class space    used 10721K, capacity 11597K, committed 11648K, reserved 1048576K
}

