# JRE version: OpenJDK Runtime Environment (8.0_242-b01) (build 1.8.0_242-release-1644-b01)
# Java VM: OpenJDK 64-Bit Server VM (25.242-b01 mixed mode windows-amd64 compressed oops)
Heap:
 PSYoungGen      total 224768K, used 33966K [0x00000000d5580000, 0x00000000e5d80000, 0x0000000100000000)
  eden space 197632K, 17% used [0x00000000d5580000,0x00000000d76ab9b0,0x00000000e1680000)
  from space 27136K, 0% used [0x00000000e1b80000,0x00000000e1b80000,0x00000000e3600000)
  to   space 36352K, 0% used [0x00000000e3a00000,0x00000000e3a00000,0x00000000e5d80000)
 ParOldGen       total 335360K, used 50737K [0x0000000080000000, 0x0000000094780000, 0x00000000d5580000)
  object space 335360K, 15% used [0x0000000080000000,0x000000008318c600,0x0000000094780000)
 Metaspace       used 89838K, capacity 95382K, committed 98380K, reserved 1134592K
  class space    used 11643K, capacity 12711K, committed 13440K, reserved 1048576K
GC Heap History (10 events):
Event: 1148.463 GC heap before
{Heap before GC invocations=17 (full 3):
 PSYoungGen      total 245248K, used 244867K [0x00000000d5580000, 0x00000000e6680000, 0x0000000100000000)
  eden space 219136K, 100% used [0x00000000d5580000,0x00000000e2b80000,0x00000000e2b80000)
  from space 26112K, 98% used [0x00000000e3180000,0x00000000e4aa0c50,0x00000000e4b00000)
  to   space 28160K, 0% used [0x00000000e4b00000,0x00000000e4b00000,0x00000000e6680000)
 ParOldGen       total 214528K, used 48368K [0x0000000080000000, 0x000000008d180000, 0x00000000d5580000)
  object space 214528K, 22% used [0x0000000080000000,0x0000000082f3c188,0x000000008d180000)
 Metaspace       used 86893K, capacity 92760K, committed 93016K, reserved 1130496K
  class space    used 11450K, capacity 12613K, committed 12672K, reserved 1048576K
Event: 1148.475 GC heap after
Heap after GC invocations=17 (full 3):
 PSYoungGen      total 241664K, used 28147K [0x00000000d5580000, 0x00000000e6b00000, 0x0000000100000000)
  eden space 213504K, 0% used [0x00000000d5580000,0x00000000d5580000,0x00000000e2600000)
  from space 28160K, 99% used [0x00000000e4b00000,0x00000000e667ce68,0x00000000e6680000)
  to   space 35328K, 0% used [0x00000000e2600000,0x00000000e2600000,0x00000000e4880000)
 ParOldGen       total 214528K, used 52817K [0x0000000080000000, 0x000000008d180000, 0x00000000d5580000)
  object space 214528K, 24% used [0x0000000080000000,0x00000000833946b8,0x000000008d180000)
 Metaspace       used 86893K, capacity 92760K, committed 93016K, reserved 1130496K
  class space    used 11450K, capacity 12613K, committed 12672K, reserved 1048576K
}
Event: 1400.935 GC heap before
{Heap before GC invocations=18 (full 3):
 PSYoungGen      total 241664K, used 241651K [0x00000000d5580000, 0x00000000e6b00000, 0x0000000100000000)
  eden space 213504K, 100% used [0x00000000d5580000,0x00000000e2600000,0x00000000e2600000)
  from space 28160K, 99% used [0x00000000e4b00000,0x00000000e667ce68,0x00000000e6680000)
  to   space 35328K, 0% used [0x00000000e2600000,0x00000000e2600000,0x00000000e4880000)
 ParOldGen       total 214528K, used 52817K [0x0000000080000000, 0x000000008d180000, 0x00000000d5580000)
  object space 214528K, 24% used [0x0000000080000000,0x00000000833946b8,0x000000008d180000)
 Metaspace       used 87721K, capacity 93978K, committed 94168K, reserved 1130496K
  class space    used 11535K, capacity 12784K, committed 12800K, reserved 1048576K
Event: 1400.947 GC heap after
Heap after GC invocations=18 (full 3):
 PSYoungGen      total 221696K, used 13660K [0x00000000d5580000, 0x00000000e6380000, 0x0000000100000000)
  eden space 207872K, 0% used [0x00000000d5580000,0x00000000d5580000,0x00000000e2080000)
  from space 13824K, 98% used [0x00000000e2600000,0x00000000e33573f0,0x00000000e3380000)
  to   space 34304K, 0% used [0x00000000e4200000,0x00000000e4200000,0x00000000e6380000)
 ParOldGen       total 214528K, used 70483K [0x0000000080000000, 0x000000008d180000, 0x00000000d5580000)
  object space 214528K, 32% used [0x0000000080000000,0x00000000844d4e00,0x000000008d180000)
 Metaspace       used 87721K, capacity 93978K, committed 94168K, reserved 1130496K
  class space    used 11535K, capacity 12784K, committed 12800K, reserved 1048576K
}
Event: 1792.475 GC heap before
{Heap before GC invocations=19 (full 3):
 PSYoungGen      total 221696K, used 221532K [0x00000000d5580000, 0x00000000e6380000, 0x0000000100000000)
  eden space 207872K, 100% used [0x00000000d5580000,0x00000000e2080000,0x00000000e2080000)
  from space 13824K, 98% used [0x00000000e2600000,0x00000000e33573f0,0x00000000e3380000)
  to   space 34304K, 0% used [0x00000000e4200000,0x00000000e4200000,0x00000000e6380000)
 ParOldGen       total 214528K, used 70483K [0x0000000080000000, 0x000000008d180000, 0x00000000d5580000)
  object space 214528K, 32% used [0x0000000080000000,0x00000000844d4e00,0x000000008d180000)
 Metaspace       used 88797K, capacity 95988K, committed 96344K, reserved 1132544K
  class space    used 11703K, capacity 13081K, committed 13184K, reserved 1048576K
Event: 1792.483 GC heap after
Heap after GC invocations=19 (full 3):
 PSYoungGen      total 231936K, used 21658K [0x00000000d5580000, 0x00000000e5e80000, 0x0000000100000000)
  eden space 202752K, 0% used [0x00000000d5580000,0x00000000d5580000,0x00000000e1b80000)
  from space 29184K, 74% used [0x00000000e4200000,0x00000000e5726850,0x00000000e5e80000)
  to   space 34304K, 0% used [0x00000000e1b80000,0x00000000e1b80000,0x00000000e3d00000)
 ParOldGen       total 214528K, used 70491K [0x0000000080000000, 0x000000008d180000, 0x00000000d5580000)
  object space 214528K, 32% used [0x0000000080000000,0x00000000844d6e00,0x000000008d180000)
 Metaspace       used 88797K, capacity 95988K, committed 96344K, reserved 1132544K
  class space    used 11703K, capacity 13081K, committed 13184K, reserved 1048576K
}
Event: 2701.932 GC heap before
{Heap before GC invocations=20 (full 3):
 PSYoungGen      total 231936K, used 149106K [0x00000000d5580000, 0x00000000e5e80000, 0x0000000100000000)
  eden space 202752K, 62% used [0x00000000d5580000,0x00000000dd1f60b8,0x00000000e1b80000)
  from space 29184K, 74% used [0x00000000e4200000,0x00000000e5726850,0x00000000e5e80000)
  to   space 34304K, 0% used [0x00000000e1b80000,0x00000000e1b80000,0x00000000e3d00000)
 ParOldGen       total 214528K, used 70491K [0x0000000080000000, 0x000000008d180000, 0x00000000d5580000)
  object space 214528K, 32% used [0x0000000080000000,0x00000000844d6e00,0x000000008d180000)
 Metaspace       used 90882K, capacity 98278K, committed 98380K, reserved 1134592K
  class space    used 11978K, capacity 13366K, committed 13440K, reserved 1048576K
Event: 2701.943 GC heap after
Heap after GC invocations=20 (full 3):
 PSYoungGen      total 224768K, used 26632K [0x00000000d5580000, 0x00000000e5d80000, 0x0000000100000000)
  eden space 197632K, 0% used [0x00000000d5580000,0x00000000d5580000,0x00000000e1680000)
  from space 27136K, 98% used [0x00000000e1b80000,0x00000000e3582110,0x00000000e3600000)
  to   space 36352K, 0% used [0x00000000e3a00000,0x00000000e3a00000,0x00000000e5d80000)
 ParOldGen       total 214528K, used 70499K [0x0000000080000000, 0x000000008d180000, 0x00000000d5580000)
  object space 214528K, 32% used [0x0000000080000000,0x00000000844d8e00,0x000000008d180000)
 Metaspace       used 90882K, capacity 98278K, committed 98380K, reserved 1134592K
  class space    used 11978K, capacity 13366K, committed 13440K, reserved 1048576K
}
Event: 2701.943 GC heap before
{Heap before GC invocations=21 (full 4):
 PSYoungGen      total 224768K, used 26632K [0x00000000d5580000, 0x00000000e5d80000, 0x0000000100000000)
  eden space 197632K, 0% used [0x00000000d5580000,0x00000000d5580000,0x00000000e1680000)
  from space 27136K, 98% used [0x00000000e1b80000,0x00000000e3582110,0x00000000e3600000)
  to   space 36352K, 0% used [0x00000000e3a00000,0x00000000e3a00000,0x00000000e5d80000)
 ParOldGen       total 214528K, used 70499K [0x0000000080000000, 0x000000008d180000, 0x00000000d5580000)
  object space 214528K, 32% used [0x0000000080000000,0x00000000844d8e00,0x000000008d180000)
 Metaspace       used 90882K, capacity 98278K, committed 98380K, reserved 1134592K
  class space    used 11978K, capacity 13366K, committed 13440K, reserved 1048576K
Event: 2702.106 GC heap after
Heap after GC invocations=21 (full 4):
 PSYoungGen      total 224768K, used 0K [0x00000000d5580000, 0x00000000e5d80000, 0x0000000100000000)
  eden space 197632K, 0% used [0x00000000d5580000,0x00000000d5580000,0x00000000e1680000)
  from space 27136K, 0% used [0x00000000e1b80000,0x00000000e1b80000,0x00000000e3600000)
  to   space 36352K, 0% used [0x00000000e3a00000,0x00000000e3a00000,0x00000000e5d80000)
 ParOldGen       total 335360K, used 50737K [0x0000000080000000, 0x0000000094780000, 0x00000000d5580000)
  object space 335360K, 15% used [0x0000000080000000,0x000000008318c600,0x0000000094780000)
 Metaspace       used 89651K, capacity 95144K, committed 98380K, reserved 1134592K
  class space    used 11620K, capacity 12676K, committed 13440K, reserved 1048576K
}

